This is pdfTeX, Version 3.1415926-2.4-1.40.13 (TeX Live 2012) (format=mptopdf 2012.6.30)  30 APR 2013 19:13
 restricted \write18 enabled.
 %&-line parsing enabled.
**\relax countchange.1
 (./countchange.1{/usr/local/texlive/2012/texmf-var/fonts/map/pdftex/updmap/pdf
tex.map}) [1] 
Here is how much of TeX's memory you used:
 57 strings out of 496721
 486 string characters out of 3201270
 4019824 words of memory out of 7005031
 1703 multiletter control sequences out of 15000+200000
 923 words of font info for 3 fonts, out of 3000000 for 9000
 0 hyphenation exceptions out of 8191
 10i,3n,7p,110b,256s stack positions out of 5000i,500n,10000p,200000b,50000s
</usr/local/texlive/2012/texmf-dist/fonts/type1/public/amsfonts/cm
/cmmi10.pfb></usr/local/texlive/2012/texmf-dist/fonts/type1/public/amsfonts/cm/
cmr10.pfb></usr/local/texlive/2012/texmf-dist/fonts/type1/public/amsfonts/cm/cm
sy10.pfb>
Output written on countchange.pdf (1 page, 30941 bytes).
PDF statistics:
 20 PDF objects out of 1000 (max. 8388607)
 0 named destinations out of 1000 (max. 500000)
 7 words of extra memory for PDF output out of 10000 (max. 10000000)

